
=INFO REPORT==== 13-Apr-2012::16:08:37 ===
Starting Boss in development mode....

=INFO REPORT==== 13-Apr-2012::16:08:37 ===
Starting master services on 'cb_tutorial@LittleQs-MacBook'

=INFO REPORT==== 13-Apr-2012::16:08:37 ===
Loading routes from "/Users/littleq/Downloads/cb_tutorial/priv/cb_tutorial.routes" ....

=INFO REPORT==== 13-Apr-2012::16:08:42 ===
GET /greeting/live [cb_tutorial] 200 48ms

=INFO REPORT==== 13-Apr-2012::16:08:45 ===
GET /greeting/list [cb_tutorial] 200 56ms

=ERROR REPORT==== 13-Apr-2012::16:08:47 ===
	module: misultin_http
	line: 708
error in custom loop: killed serving request: {req,#Port<0.7723>,http,
                                               {127,0,0,1},
                                               52900,undefined,keep_alive,
                                               undefined,
                                               {1,1},
                                               'GET',
                                               {abs_path,
                                                "/greeting/pull/1334304522203564"},
                                               [],
                                               [{'Host',"localhost:8001"},
                                                {'User-Agent',
                                                 "Mozilla/5.0 (Macintosh; Intel Mac OS X 10.7; rv:11.0) Gecko/20100101 Firefox/11.0"},
                                                {'Accept',"*/*"},
                                                {'Accept-Language',
                                                 "en,zh-tw;q=0.7,ja;q=0.3"},
                                                {'Accept-Encoding',
                                                 "gzip, deflate"},
                                                {'Connection',"keep-alive"},
                                                {"X-Requested-With",
                                                 "XMLHttpRequest"},
                                                {'Referer',
                                                 "http://localhost:8001/greeting/live"},
                                                {'Cookie',
                                                 "csrftoken=09e919e6469d8f63535c3815373a9596; __utma=111872281.1472134114.1333684991.1333684991.1334216660.2; __utmz=111872281.1333684991.1.1.utmcsr=(direct)|utmccn=(direct)|utmcmd=(none); sessionid=f972d9c72c9aca6f2d6d6c7c9ea67921; __utmc=111872281; _boss_session=9cf947fd75e995b3775fbe12884ac916a7b5d1b7"}],
                                               <<>>,false}

=INFO REPORT==== 13-Apr-2012::16:08:47 ===
GET /greeting/create [cb_tutorial] 200 61ms

=INFO REPORT==== 13-Apr-2012::16:08:51 ===
POST /greeting/create [cb_tutorial] 302 49ms

=INFO REPORT==== 13-Apr-2012::16:08:52 ===
GET /greeting/list [cb_tutorial] 200 50ms
