
=INFO REPORT==== 13-Apr-2012::11:58:33 ===
Starting Boss in development mode....

=INFO REPORT==== 13-Apr-2012::11:58:33 ===
Starting master services on 'cb_tutorial@118-168-52-197'

=INFO REPORT==== 13-Apr-2012::11:58:34 ===
Loading routes from "/Users/littleq/Downloads/cb_tutorial/priv/cb_tutorial.routes" ....

=INFO REPORT==== 13-Apr-2012::12:01:44 ===
GET /greeting/send_test_message [cb_tutorial] 200 30ms

=INFO REPORT==== 13-Apr-2012::12:01:57 ===
GET /greeting/send_test_message [cb_tutorial] 200 38ms

=ERROR REPORT==== 13-Apr-2012::12:06:59 ===
GET /greeting/ [cb_tutorial] 404 53ms

=INFO REPORT==== 13-Apr-2012::15:47:05 ===
GET /greeting/send_test_message [cb_tutorial] 200 44ms

=INFO REPORT==== 13-Apr-2012::15:47:19 ===
GET /greeting/send_test_message [cb_tutorial] 200 42ms

=INFO REPORT==== 13-Apr-2012::15:47:32 ===
GET /greeting/send_test_message [cb_tutorial] 200 38ms

=INFO REPORT==== 13-Apr-2012::15:47:42 ===
GET /greeting/send_test_message [cb_tutorial] 200 40ms

=INFO REPORT==== 13-Apr-2012::15:49:16 ===
GET /greeting/send_test_message [cb_tutorial] 200 42ms

=INFO REPORT==== 13-Apr-2012::15:49:17 ===
GET /greeting/send_test_message [cb_tutorial] 200 43ms

=INFO REPORT==== 13-Apr-2012::15:49:17 ===
GET /greeting/send_test_message [cb_tutorial] 200 40ms

=INFO REPORT==== 13-Apr-2012::15:49:17 ===
GET /greeting/send_test_message [cb_tutorial] 200 42ms

=INFO REPORT==== 13-Apr-2012::15:49:27 ===
GET /greeting/send_test_message [cb_tutorial] 200 43ms

=INFO REPORT==== 13-Apr-2012::15:49:32 ===
GET /greeting/send_test_message [cb_tutorial] 200 43ms

=INFO REPORT==== 13-Apr-2012::16:02:32 ===
GET /greeting/live [cb_tutorial] 200 123ms

=ERROR REPORT==== 13-Apr-2012::16:02:45 ===
GET /greeting/ [cb_tutorial] 404 52ms

=ERROR REPORT==== 13-Apr-2012::16:02:48 ===
	module: misultin_http
	line: 708
error in custom loop: killed serving request: {req,#Port<0.8563>,http,
                                               {127,0,0,1},
                                               52861,undefined,keep_alive,
                                               undefined,
                                               {1,1},
                                               'GET',
                                               {abs_path,
                                                "/greeting/pull/1334304152137252"},
                                               [],
                                               [{'Host',"localhost:8001"},
                                                {'User-Agent',
                                                 "Mozilla/5.0 (Macintosh; Intel Mac OS X 10.7; rv:11.0) Gecko/20100101 Firefox/11.0"},
                                                {'Accept',"*/*"},
                                                {'Accept-Language',
                                                 "en,zh-tw;q=0.7,ja;q=0.3"},
                                                {'Accept-Encoding',
                                                 "gzip, deflate"},
                                                {'Connection',"keep-alive"},
                                                {"X-Requested-With",
                                                 "XMLHttpRequest"},
                                                {'Referer',
                                                 "http://localhost:8001/greeting/live"},
                                                {'Cookie',
                                                 "csrftoken=09e919e6469d8f63535c3815373a9596; __utma=111872281.1472134114.1333684991.1333684991.1334216660.2; __utmz=111872281.1333684991.1.1.utmcsr=(direct)|utmccn=(direct)|utmcmd=(none); sessionid=f972d9c72c9aca6f2d6d6c7c9ea67921; __utmc=111872281; _boss_session=504dcc6567d65b02d76f9316aea836c2effaa612"}],
                                               <<>>,false}

=INFO REPORT==== 13-Apr-2012::16:02:48 ===
GET /greeting/hello [cb_tutorial] 200 54ms

=INFO REPORT==== 13-Apr-2012::16:02:58 ===
GET /greeting/create [cb_tutorial] 200 49ms

=INFO REPORT==== 13-Apr-2012::16:03:05 ===
POST /greeting/create [cb_tutorial] 302 52ms

=INFO REPORT==== 13-Apr-2012::16:03:05 ===
GET /greeting/list [cb_tutorial] 200 47ms

=INFO REPORT==== 13-Apr-2012::16:03:20 ===
GET /greeting/live [cb_tutorial] 200 59ms

=INFO REPORT==== 13-Apr-2012::16:03:27 ===
GET /greeting/create [cb_tutorial] 200 52ms

=ERROR REPORT==== 13-Apr-2012::16:03:30 ===
	module: misultin_http
	line: 708
error in custom loop: killed serving request: {req,#Port<0.8563>,http,
                                               {127,0,0,1},
                                               52861,undefined,keep_alive,
                                               undefined,
                                               {1,1},
                                               'GET',
                                               {abs_path,
                                                "/greeting/pull/1334304200780968"},
                                               [],
                                               [{'Host',"localhost:8001"},
                                                {'User-Agent',
                                                 "Mozilla/5.0 (Macintosh; Intel Mac OS X 10.7; rv:11.0) Gecko/20100101 Firefox/11.0"},
                                                {'Accept',"*/*"},
                                                {'Accept-Language',
                                                 "en,zh-tw;q=0.7,ja;q=0.3"},
                                                {'Accept-Encoding',
                                                 "gzip, deflate"},
                                                {'Connection',"keep-alive"},
                                                {"X-Requested-With",
                                                 "XMLHttpRequest"},
                                                {'Referer',
                                                 "http://localhost:8001/greeting/live"},
                                                {'Cookie',
                                                 "csrftoken=09e919e6469d8f63535c3815373a9596; __utma=111872281.1472134114.1333684991.1333684991.1334216660.2; __utmz=111872281.1333684991.1.1.utmcsr=(direct)|utmccn=(direct)|utmcmd=(none); sessionid=f972d9c72c9aca6f2d6d6c7c9ea67921; __utmc=111872281; _boss_session=504dcc6567d65b02d76f9316aea836c2effaa612"}],
                                               <<>>,false}

=INFO REPORT==== 13-Apr-2012::16:03:30 ===
POST /greeting/create [cb_tutorial] 302 67ms

=INFO REPORT==== 13-Apr-2012::16:03:30 ===
GET /greeting/list [cb_tutorial] 200 46ms

=INFO REPORT==== 13-Apr-2012::16:05:00 ===
GET /greeting/live [cb_tutorial] 200 50ms

=INFO REPORT==== 13-Apr-2012::16:05:03 ===
GET /greeting/create [cb_tutorial] 200 57ms

=ERROR REPORT==== 13-Apr-2012::16:05:05 ===
	module: misultin_http
	line: 708
error in custom loop: killed serving request: {req,#Port<0.8974>,http,
                                               {127,0,0,1},
                                               52874,undefined,keep_alive,
                                               undefined,
                                               {1,1},
                                               'GET',
                                               {abs_path,
                                                "/greeting/pull/1334304300251647"},
                                               [],
                                               [{'Host',"localhost:8001"},
                                                {'User-Agent',
                                                 "Mozilla/5.0 (Macintosh; Intel Mac OS X 10.7; rv:11.0) Gecko/20100101 Firefox/11.0"},
                                                {'Accept',"*/*"},
                                                {'Accept-Language',
                                                 "en,zh-tw;q=0.7,ja;q=0.3"},
                                                {'Accept-Encoding',
                                                 "gzip, deflate"},
                                                {'Connection',"keep-alive"},
                                                {"X-Requested-With",
                                                 "XMLHttpRequest"},
                                                {'Referer',
                                                 "http://localhost:8001/greeting/live"},
                                                {'Cookie',
                                                 "csrftoken=09e919e6469d8f63535c3815373a9596; __utma=111872281.1472134114.1333684991.1333684991.1334216660.2; __utmz=111872281.1333684991.1.1.utmcsr=(direct)|utmccn=(direct)|utmcmd=(none); sessionid=f972d9c72c9aca6f2d6d6c7c9ea67921; __utmc=111872281; _boss_session=504dcc6567d65b02d76f9316aea836c2effaa612"}],
                                               <<>>,false}

=INFO REPORT==== 13-Apr-2012::16:05:05 ===
POST /greeting/create [cb_tutorial] 302 55ms

=INFO REPORT==== 13-Apr-2012::16:05:06 ===
GET /greeting/list [cb_tutorial] 200 67ms
