
=INFO REPORT==== 13-Apr-2012::18:36:32 ===
Starting Boss in development mode....

=INFO REPORT==== 13-Apr-2012::18:36:32 ===
Starting master services on 'cb_tutorial@LittleQs-MacBook'

=INFO REPORT==== 13-Apr-2012::18:36:32 ===
Loading routes from "/Users/littleq/Downloads/cb_tutorial/priv/cb_tutorial.routes" ....

=INFO REPORT==== 13-Apr-2012::18:42:14 ===
GET /greeting/list [cb_tutorial] 200 18ms

=INFO REPORT==== 13-Apr-2012::18:42:17 ===
GET /greeting/live [cb_tutorial] 200 20ms

=INFO REPORT==== 13-Apr-2012::18:42:22 ===
GET /greeting/create [cb_tutorial] 200 9ms

=INFO REPORT==== 13-Apr-2012::18:42:24 ===
POST /greeting/create [cb_tutorial] 302 9ms

=INFO REPORT==== 13-Apr-2012::18:42:24 ===
GET /greeting/pull/1334313737209223 [cb_tutorial] 200 6887ms

=INFO REPORT==== 13-Apr-2012::18:42:24 ===
GET /greeting/list [cb_tutorial] 200 7ms

=INFO REPORT==== 13-Apr-2012::18:42:26 ===
GET /greeting/create [cb_tutorial] 200 15ms

=INFO REPORT==== 13-Apr-2012::18:42:28 ===
GET /greeting/pull/1334313744879751 [cb_tutorial] 200 3976ms

=INFO REPORT==== 13-Apr-2012::18:42:28 ===
POST /greeting/create [cb_tutorial] 302 4ms

=INFO REPORT==== 13-Apr-2012::18:42:29 ===
GET /greeting/list [cb_tutorial] 200 9ms
