
=INFO REPORT==== 10-Apr-2012::15:50:20 ===
Starting Boss in development mode....

=INFO REPORT==== 10-Apr-2012::15:50:20 ===
Starting master services on 'cb_tutorial@LittleQs-MacBook'

=INFO REPORT==== 10-Apr-2012::15:50:24 ===
Loading routes from "/Users/littleq/Downloads/cb_tutorial/priv/cb_tutorial.routes" ....

=INFO REPORT==== 10-Apr-2012::15:50:26 ===
GET /greeting/hello [cb_tutorial] 200 14ms

=INFO REPORT==== 10-Apr-2012::15:50:29 ===
GET /greeting/hello [cb_tutorial] 200 18ms

=ERROR REPORT==== 10-Apr-2012::15:50:32 ===
GET / [cb_tutorial] 404 0ms

=INFO REPORT==== 10-Apr-2012::15:50:39 ===
GET /greeting/hello [cb_tutorial] 200 22ms

=INFO REPORT==== 10-Apr-2012::15:51:43 ===
GET /greeting/hello [cb_tutorial] 200 25ms

=INFO REPORT==== 10-Apr-2012::15:51:45 ===
GET /greeting/hello [cb_tutorial] 200 20ms

=INFO REPORT==== 10-Apr-2012::21:52:46 ===
GET /greeting/hello [cb_tutorial] 200 245ms

=INFO REPORT==== 10-Apr-2012::21:54:22 ===
GET /greeting/hello [cb_tutorial] 200 35ms

=INFO REPORT==== 10-Apr-2012::21:54:23 ===
GET /greeting/hello [cb_tutorial] 200 25ms

=INFO REPORT==== 10-Apr-2012::21:54:24 ===
GET /greeting/hello [cb_tutorial] 200 36ms

=INFO REPORT==== 10-Apr-2012::21:54:24 ===
GET /greeting/hello [cb_tutorial] 200 33ms

=INFO REPORT==== 10-Apr-2012::21:55:58 ===
GET /greeting/hello [cb_tutorial] 200 99ms

=INFO REPORT==== 10-Apr-2012::21:59:00 ===
GET /doc/greeting [cb_tutorial] 200 395ms

=ERROR REPORT==== 10-Apr-2012::21:59:01 ===
GET /doc/stylesheet.css [cb_tutorial] 404 0ms

=ERROR REPORT==== 10-Apr-2012::21:59:01 ===
GET /doc/erlang.png [cb_tutorial] 404 0ms

=INFO REPORT==== 10-Apr-2012::22:06:23 ===
GET /greeting/list [cb_tutorial] 200 71ms

=INFO REPORT==== 10-Apr-2012::22:10:51 ===
GET /greeting/list [cb_tutorial] 200 75ms

=INFO REPORT==== 10-Apr-2012::22:10:53 ===
GET /greeting/create [cb_tutorial] 200 102ms

=INFO REPORT==== 10-Apr-2012::22:10:58 ===
POST /greeting/create [cb_tutorial] 200 44ms

=INFO REPORT==== 10-Apr-2012::22:15:24 ===
GET /greeting/create [cb_tutorial] 200 56ms

=INFO REPORT==== 10-Apr-2012::22:15:28 ===
POST /greeting/create [cb_tutorial] 302 37ms

=INFO REPORT==== 10-Apr-2012::22:15:28 ===
GET /greeting/list [cb_tutorial] 200 41ms

=INFO REPORT==== 10-Apr-2012::22:15:29 ===
GET /greeting/create [cb_tutorial] 200 41ms

=INFO REPORT==== 10-Apr-2012::22:15:32 ===
POST /greeting/create [cb_tutorial] 302 36ms

=INFO REPORT==== 10-Apr-2012::22:15:32 ===
GET /greeting/list [cb_tutorial] 200 42ms

=INFO REPORT==== 10-Apr-2012::22:15:33 ===
GET /greeting/create [cb_tutorial] 200 42ms

=INFO REPORT==== 10-Apr-2012::22:15:48 ===
POST /greeting/create [cb_tutorial] 302 37ms

=INFO REPORT==== 10-Apr-2012::22:15:48 ===
GET /greeting/list [cb_tutorial] 200 42ms

=INFO REPORT==== 10-Apr-2012::22:15:50 ===
GET /greeting/create [cb_tutorial] 200 44ms

=INFO REPORT==== 10-Apr-2012::22:16:34 ===
GET /greeting/create [cb_tutorial] 200 41ms

=INFO REPORT==== 10-Apr-2012::22:16:38 ===
POST /greeting/create [cb_tutorial] 302 38ms

=INFO REPORT==== 10-Apr-2012::22:16:38 ===
GET /greeting/list [cb_tutorial] 200 41ms

=INFO REPORT==== 10-Apr-2012::22:16:39 ===
GET /greeting/create [cb_tutorial] 200 41ms

=INFO REPORT==== 10-Apr-2012::22:16:42 ===
GET /greeting/list [cb_tutorial] 200 45ms

=INFO REPORT==== 10-Apr-2012::22:37:03 ===
GET /greeting/list [cb_tutorial] 200 64ms
